<?xml version="1.0" encoding="UTF-8"?>
<robot generator="Robot 7.1 (Python 3.12.6 on darwin)" generated="2024-09-28T09:16:39.065978" rpa="false" schemaversion="5">
<suite id="s1" name="Shopping-Cart-Checkout" source="/Users/investree/Documents/LP-Assigment-2A/Web Automation/tests/shopping-cart-checkout.robot">
<test id="s1-t1" name="Scenario: Shopping Cart Checkout" line="5">
<kw name="Given I am on the SauceDemo login page" owner="keywords">
<kw name="Open Browser" owner="SeleniumLibrary">
<msg time="2024-09-28T09:16:39.202381" level="INFO">Opening browser 'chrome' to base url 'https://www.saucedemo.com/'.</msg>
<arg>${LOGIN_URL}</arg>
<arg>chrome</arg>
<doc>Opens a new browser instance to the optional ``url``.</doc>
<status status="PASS" start="2024-09-28T09:16:39.202073" elapsed="3.152040"/>
</kw>
<kw name="Maximize Browser Window" owner="SeleniumLibrary">
<doc>Maximizes current browser window.</doc>
<status status="PASS" start="2024-09-28T09:16:42.355893" elapsed="0.320939"/>
</kw>
<status status="PASS" start="2024-09-28T09:16:39.201747" elapsed="3.475458"/>
</kw>
<kw name="When I log in with username &quot;${USERNAME}&quot; and password &quot;${PASSWORD}&quot;" owner="keywords" source_name="When I log in with username &quot;${username}&quot; and password &quot;${password}&quot;">
<kw name="Input Text" owner="SeleniumLibrary">
<msg time="2024-09-28T09:16:42.679113" level="INFO">Typing text 'standard_user' into text field 'id=user-name'.</msg>
<arg>id=user-name</arg>
<arg>${username}</arg>
<doc>Types the given ``text`` into the text field identified by ``locator``.</doc>
<status status="PASS" start="2024-09-28T09:16:42.678414" elapsed="0.187459"/>
</kw>
<kw name="Input Text" owner="SeleniumLibrary">
<msg time="2024-09-28T09:16:42.866363" level="INFO">Typing text 'secret_sauce' into text field 'id=password'.</msg>
<arg>id=password</arg>
<arg>${password}</arg>
<doc>Types the given ``text`` into the text field identified by ``locator``.</doc>
<status status="PASS" start="2024-09-28T09:16:42.866095" elapsed="0.071185"/>
</kw>
<kw name="Click Button" owner="SeleniumLibrary">
<msg time="2024-09-28T09:16:42.937736" level="INFO">Clicking button 'id=login-button'.</msg>
<arg>id=login-button</arg>
<doc>Clicks the button identified by ``locator``.</doc>
<status status="PASS" start="2024-09-28T09:16:42.937508" elapsed="0.065858"/>
</kw>
<kw name="Wait Until Page Contains Element" owner="SeleniumLibrary">
<arg>class=inventory_list</arg>
<doc>Waits until the element ``locator`` appears on the current page.</doc>
<status status="PASS" start="2024-09-28T09:16:43.003647" elapsed="0.008596"/>
</kw>
<status status="PASS" start="2024-09-28T09:16:42.677846" elapsed="0.334577"/>
</kw>
<kw name="And I add items to the cart" owner="keywords">
<kw name="Click Button" owner="SeleniumLibrary">
<msg time="2024-09-28T09:16:43.013339" level="INFO">Clicking button 'id=add-to-cart-sauce-labs-backpack'.</msg>
<arg>id=add-to-cart-sauce-labs-backpack</arg>
<doc>Clicks the button identified by ``locator``.</doc>
<status status="PASS" start="2024-09-28T09:16:43.013128" elapsed="0.037470"/>
</kw>
<kw name="Click Button" owner="SeleniumLibrary">
<msg time="2024-09-28T09:16:43.051008" level="INFO">Clicking button 'id=add-to-cart-sauce-labs-bike-light'.</msg>
<arg>id=add-to-cart-sauce-labs-bike-light</arg>
<doc>Clicks the button identified by ``locator``.</doc>
<status status="PASS" start="2024-09-28T09:16:43.050804" elapsed="0.034453"/>
</kw>
<kw name="Click Element" owner="SeleniumLibrary">
<msg time="2024-09-28T09:16:43.085698" level="INFO">Clicking element 'class=shopping_cart_link'.</msg>
<arg>class=shopping_cart_link</arg>
<doc>Click the element identified by ``locator``.</doc>
<status status="PASS" start="2024-09-28T09:16:43.085478" elapsed="0.030339"/>
</kw>
<kw name="Page Should Contain" owner="SeleniumLibrary">
<msg time="2024-09-28T09:16:43.127848" level="INFO">Current page contains text 'Sauce Labs Backpack'.</msg>
<arg>text=Sauce Labs Backpack</arg>
<doc>Verifies that current page contains ``text``.</doc>
<status status="PASS" start="2024-09-28T09:16:43.116049" elapsed="0.011992"/>
</kw>
<kw name="Page Should Contain" owner="SeleniumLibrary">
<msg time="2024-09-28T09:16:43.138174" level="INFO">Current page contains text 'Sauce Labs Bike Light'.</msg>
<arg>text=Sauce Labs Bike Light</arg>
<doc>Verifies that current page contains ``text``.</doc>
<status status="PASS" start="2024-09-28T09:16:43.128222" elapsed="0.010147"/>
</kw>
<status status="PASS" start="2024-09-28T09:16:43.012798" elapsed="0.125691"/>
</kw>
<kw name="And I proceed to checkout" owner="keywords">
<kw name="Click Element" owner="SeleniumLibrary">
<msg time="2024-09-28T09:16:43.139367" level="INFO">Clicking element 'id=checkout'.</msg>
<arg>id=checkout</arg>
<doc>Click the element identified by ``locator``.</doc>
<status status="PASS" start="2024-09-28T09:16:43.139188" elapsed="0.032121"/>
</kw>
<kw name="Input Text" owner="SeleniumLibrary">
<msg time="2024-09-28T09:16:43.171918" level="INFO">Typing text '"John"' into text field 'id=first-name'.</msg>
<arg>id=first-name</arg>
<arg>"John"</arg>
<doc>Types the given ``text`` into the text field identified by ``locator``.</doc>
<status status="PASS" start="2024-09-28T09:16:43.171586" elapsed="0.062962"/>
</kw>
<kw name="Input Text" owner="SeleniumLibrary">
<msg time="2024-09-28T09:16:43.234982" level="INFO">Typing text '"Doe"' into text field 'id=last-name'.</msg>
<arg>id=last-name</arg>
<arg>"Doe"</arg>
<doc>Types the given ``text`` into the text field identified by ``locator``.</doc>
<status status="PASS" start="2024-09-28T09:16:43.234765" elapsed="0.047904"/>
</kw>
<kw name="Input Text" owner="SeleniumLibrary">
<msg time="2024-09-28T09:16:43.283101" level="INFO">Typing text '"12345"' into text field 'id=postal-code'.</msg>
<arg>id=postal-code</arg>
<arg>"12345"</arg>
<doc>Types the given ``text`` into the text field identified by ``locator``.</doc>
<status status="PASS" start="2024-09-28T09:16:43.282882" elapsed="0.054462"/>
</kw>
<kw name="Click Button" owner="SeleniumLibrary">
<msg time="2024-09-28T09:16:43.337793" level="INFO">Clicking button 'id=continue'.</msg>
<arg>id=continue</arg>
<doc>Clicks the button identified by ``locator``.</doc>
<status status="PASS" start="2024-09-28T09:16:43.337567" elapsed="0.049242"/>
</kw>
<kw name="Page Should Contain" owner="SeleniumLibrary">
<msg time="2024-09-28T09:16:43.397171" level="INFO">Current page contains text 'Checkout: Overview'.</msg>
<arg>text=Checkout: Overview</arg>
<doc>Verifies that current page contains ``text``.</doc>
<status status="PASS" start="2024-09-28T09:16:43.387027" elapsed="0.010338"/>
</kw>
<kw name="Page Should Contain" owner="SeleniumLibrary">
<msg time="2024-09-28T09:16:43.405967" level="INFO">Current page contains text 'Sauce Labs Backpack'.</msg>
<arg>text=Sauce Labs Backpack</arg>
<doc>Verifies that current page contains ``text``.</doc>
<status status="PASS" start="2024-09-28T09:16:43.397530" elapsed="0.008608"/>
</kw>
<kw name="Page Should Contain" owner="SeleniumLibrary">
<msg time="2024-09-28T09:16:43.412906" level="INFO">Current page contains text 'Sauce Labs Bike Light'.</msg>
<arg>text=Sauce Labs Bike Light</arg>
<doc>Verifies that current page contains ``text``.</doc>
<status status="PASS" start="2024-09-28T09:16:43.406311" elapsed="0.006766"/>
</kw>
<kw name="Click Button" owner="SeleniumLibrary">
<msg time="2024-09-28T09:16:43.413418" level="INFO">Clicking button 'id=finish'.</msg>
<arg>id=finish</arg>
<doc>Clicks the button identified by ``locator``.</doc>
<status status="PASS" start="2024-09-28T09:16:43.413232" elapsed="0.048639"/>
</kw>
<status status="PASS" start="2024-09-28T09:16:43.138929" elapsed="0.323396"/>
</kw>
<kw name="Then I should see the checkout information page" owner="keywords">
<kw name="Page Should Contain" owner="SeleniumLibrary">
<msg time="2024-09-28T09:16:43.473319" level="INFO">Current page contains text 'Checkout: Complete!'.</msg>
<arg>Checkout: Complete!</arg>
<doc>Verifies that current page contains ``text``.</doc>
<status status="PASS" start="2024-09-28T09:16:43.463171" elapsed="0.010341"/>
</kw>
<status status="PASS" start="2024-09-28T09:16:43.462819" elapsed="0.010806"/>
</kw>
<status status="PASS" start="2024-09-28T09:16:39.200868" elapsed="4.273220"/>
</test>
<status status="PASS" start="2024-09-28T09:16:39.069652" elapsed="4.405015"/>
</suite>
<statistics>
<total>
<stat pass="1" fail="0" skip="0">All Tests</stat>
</total>
<tag>
</tag>
<suite>
<stat pass="1" fail="0" skip="0" id="s1" name="Shopping-Cart-Checkout">Shopping-Cart-Checkout</stat>
</suite>
</statistics>
<errors>
</errors>
</robot>
